<?xml version="1.0" encoding="UTF-8"?>
<testsuite xmlns:xsi="http://www.w3.org/2001/XMLSchema-instance" xsi:noNamespaceSchemaLocation="https://maven.apache.org/surefire/maven-surefire-plugin/xsd/surefire-test-report-3.0.xsd" version="3.0" name="com.redhat.appfoundations.camel.test.CamelRouteTest" time="3.618" tests="1" errors="0" skipped="1" failures="0">
  <properties>
    <property name="java.specification.version" value="17"/>
    <property name="sun.jnu.encoding" value="UTF-8"/>
    <property name="java.class.path" value="/development/workspace/projects/fuse628/migration-jetty/csb-http-app/target/test-classes:/development/workspace/projects/fuse628/migration-jetty/csb-http-app/target/classes:/development/maven/maven-cache/org/springframework/boot/spring-boot-starter-web/2.7.6/spring-boot-starter-web-2.7.6.jar:/development/maven/maven-cache/org/springframework/boot/spring-boot-starter/2.7.6/spring-boot-starter-2.7.6.jar:/development/maven/maven-cache/org/springframework/boot/spring-boot/2.7.6/spring-boot-2.7.6.jar:/development/maven/maven-cache/org/springframework/boot/spring-boot-autoconfigure/2.7.6/spring-boot-autoconfigure-2.7.6.jar:/development/maven/maven-cache/org/springframework/boot/spring-boot-starter-logging/2.7.6/spring-boot-starter-logging-2.7.6.jar:/development/maven/maven-cache/ch/qos/logback/logback-classic/1.2.11/logback-classic-1.2.11.jar:/development/maven/maven-cache/ch/qos/logback/logback-core/1.2.11/logback-core-1.2.11.jar:/development/maven/maven-cache/org/apache/logging/log4j/log4j-to-slf4j/2.17.2/log4j-to-slf4j-2.17.2.jar:/development/maven/maven-cache/org/apache/logging/log4j/log4j-api/2.17.2/log4j-api-2.17.2.jar:/development/maven/maven-cache/org/slf4j/jul-to-slf4j/1.7.36/jul-to-slf4j-1.7.36.jar:/development/maven/maven-cache/jakarta/annotation/jakarta.annotation-api/1.3.5/jakarta.annotation-api-1.3.5.jar:/development/maven/maven-cache/org/yaml/snakeyaml/1.30/snakeyaml-1.30.jar:/development/maven/maven-cache/org/springframework/boot/spring-boot-starter-json/2.7.6/spring-boot-starter-json-2.7.6.jar:/development/maven/maven-cache/com/fasterxml/jackson/core/jackson-databind/2.13.4.2/jackson-databind-2.13.4.2.jar:/development/maven/maven-cache/com/fasterxml/jackson/core/jackson-annotations/2.13.4/jackson-annotations-2.13.4.jar:/development/maven/maven-cache/com/fasterxml/jackson/core/jackson-core/2.13.4/jackson-core-2.13.4.jar:/development/maven/maven-cache/com/fasterxml/jackson/datatype/jackson-datatype-jdk8/2.13.4/jackson-datatype-jdk8-2.13.4.jar:/development/maven/maven-cache/com/fasterxml/jackson/datatype/jackson-datatype-jsr310/2.13.4/jackson-datatype-jsr310-2.13.4.jar:/development/maven/maven-cache/com/fasterxml/jackson/module/jackson-module-parameter-names/2.13.4/jackson-module-parameter-names-2.13.4.jar:/development/maven/maven-cache/org/springframework/spring-web/5.3.24/spring-web-5.3.24.jar:/development/maven/maven-cache/org/springframework/spring-beans/5.3.24/spring-beans-5.3.24.jar:/development/maven/maven-cache/org/springframework/spring-webmvc/5.3.24/spring-webmvc-5.3.24.jar:/development/maven/maven-cache/org/springframework/spring-aop/5.3.24/spring-aop-5.3.24.jar:/development/maven/maven-cache/org/springframework/spring-context/5.3.24/spring-context-5.3.24.jar:/development/maven/maven-cache/org/springframework/spring-expression/5.3.24/spring-expression-5.3.24.jar:/development/maven/maven-cache/org/springframework/boot/spring-boot-starter-undertow/2.7.6/spring-boot-starter-undertow-2.7.6.jar:/development/maven/maven-cache/io/undertow/undertow-core/2.2.20.Final/undertow-core-2.2.20.Final.jar:/development/maven/maven-cache/org/jboss/logging/jboss-logging/3.4.3.Final/jboss-logging-3.4.3.Final.jar:/development/maven/maven-cache/org/jboss/xnio/xnio-api/3.8.7.Final/xnio-api-3.8.7.Final.jar:/development/maven/maven-cache/org/wildfly/common/wildfly-common/1.5.4.Final/wildfly-common-1.5.4.Final.jar:/development/maven/maven-cache/org/wildfly/client/wildfly-client-config/1.0.1.Final/wildfly-client-config-1.0.1.Final.jar:/development/maven/maven-cache/org/jboss/xnio/xnio-nio/3.8.7.Final/xnio-nio-3.8.7.Final.jar:/development/maven/maven-cache/org/jboss/threads/jboss-threads/3.1.0.Final/jboss-threads-3.1.0.Final.jar:/development/maven/maven-cache/io/undertow/undertow-servlet/2.2.20.Final/undertow-servlet-2.2.20.Final.jar:/development/maven/maven-cache/io/undertow/undertow-websockets-jsr/2.2.20.Final/undertow-websockets-jsr-2.2.20.Final.jar:/development/maven/maven-cache/jakarta/servlet/jakarta.servlet-api/4.0.4/jakarta.servlet-api-4.0.4.jar:/development/maven/maven-cache/jakarta/websocket/jakarta.websocket-api/1.1.2/jakarta.websocket-api-1.1.2.jar:/development/maven/maven-cache/org/apache/tomcat/embed/tomcat-embed-el/9.0.69/tomcat-embed-el-9.0.69.jar:/development/maven/maven-cache/org/springframework/boot/spring-boot-starter-actuator/2.7.6/spring-boot-starter-actuator-2.7.6.jar:/development/maven/maven-cache/org/springframework/boot/spring-boot-actuator-autoconfigure/2.7.6/spring-boot-actuator-autoconfigure-2.7.6.jar:/development/maven/maven-cache/org/springframework/boot/spring-boot-actuator/2.7.6/spring-boot-actuator-2.7.6.jar:/development/maven/maven-cache/io/micrometer/micrometer-core/1.9.6/micrometer-core-1.9.6.jar:/development/maven/maven-cache/org/hdrhistogram/HdrHistogram/2.1.12/HdrHistogram-2.1.12.jar:/development/maven/maven-cache/org/latencyutils/LatencyUtils/2.0.3/LatencyUtils-2.0.3.jar:/development/maven/maven-cache/org/apache/camel/springboot/camel-spring-boot-starter/3.18.3.redhat-00025/camel-spring-boot-starter-3.18.3.redhat-00025.jar:/development/maven/maven-cache/org/apache/camel/springboot/camel-spring-boot/3.18.3.redhat-00025/camel-spring-boot-3.18.3.redhat-00025.jar:/development/maven/maven-cache/org/apache/camel/camel-spring/3.18.3/camel-spring-3.18.3.jar:/development/maven/maven-cache/org/apache/camel/camel-management-api/3.18.3/camel-management-api-3.18.3.jar:/development/maven/maven-cache/org/springframework/spring-tx/5.3.24/spring-tx-5.3.24.jar:/development/maven/maven-cache/org/apache/camel/camel-spring-main/3.18.3/camel-spring-main-3.18.3.jar:/development/maven/maven-cache/org/apache/camel/camel-main/3.18.3/camel-main-3.18.3.jar:/development/maven/maven-cache/org/apache/camel/camel-base/3.18.3/camel-base-3.18.3.jar:/development/maven/maven-cache/org/apache/camel/camel-util-json/3.18.3.redhat-00022/camel-util-json-3.18.3.redhat-00022.jar:/development/maven/maven-cache/org/apache/camel/camel-xml-jaxb-dsl/3.18.3/camel-xml-jaxb-dsl-3.18.3.jar:/development/maven/maven-cache/org/apache/camel/camel-dsl-support/3.18.3/camel-dsl-support-3.18.3.jar:/development/maven/maven-cache/org/apache/camel/camel-cloud/3.18.3.redhat-00022/camel-cloud-3.18.3.redhat-00022.jar:/development/maven/maven-cache/org/apache/camel/camel-core-model/3.18.3.redhat-00022/camel-core-model-3.18.3.redhat-00022.jar:/development/maven/maven-cache/org/apache/camel/camel-core-processor/3.18.3.redhat-00022/camel-core-processor-3.18.3.redhat-00022.jar:/development/maven/maven-cache/org/apache/camel/camel-cluster/3.18.3.redhat-00022/camel-cluster-3.18.3.redhat-00022.jar:/development/maven/maven-cache/org/apache/camel/camel-base-engine/3.18.3.redhat-00022/camel-base-engine-3.18.3.redhat-00022.jar:/development/maven/maven-cache/org/apache/camel/camel-health/3.18.3.redhat-00022/camel-health-3.18.3.redhat-00022.jar:/development/maven/maven-cache/org/apache/camel/springboot/camel-core-starter/3.18.3.redhat-00025/camel-core-starter-3.18.3.redhat-00025.jar:/development/maven/maven-cache/org/apache/camel/camel-core-engine/3.18.3.redhat-00022/camel-core-engine-3.18.3.redhat-00022.jar:/development/maven/maven-cache/org/apache/camel/camel-api/3.18.3.redhat-00022/camel-api-3.18.3.redhat-00022.jar:/development/maven/maven-cache/org/apache/camel/camel-core-reifier/3.18.3.redhat-00022/camel-core-reifier-3.18.3.redhat-00022.jar:/development/maven/maven-cache/org/apache/camel/camel-util/3.18.3.redhat-00022/camel-util-3.18.3.redhat-00022.jar:/development/maven/maven-cache/org/apache/camel/springboot/camel-browse-starter/3.18.3.redhat-00025/camel-browse-starter-3.18.3.redhat-00025.jar:/development/maven/maven-cache/org/apache/camel/camel-browse/3.18.3.redhat-00022/camel-browse-3.18.3.redhat-00022.jar:/development/maven/maven-cache/org/apache/camel/springboot/camel-controlbus-starter/3.18.3.redhat-00025/camel-controlbus-starter-3.18.3.redhat-00025.jar:/development/maven/maven-cache/org/apache/camel/camel-controlbus/3.18.3.redhat-00022/camel-controlbus-3.18.3.redhat-00022.jar:/development/maven/maven-cache/org/apache/camel/springboot/camel-dataformat-starter/3.18.3.redhat-00025/camel-dataformat-starter-3.18.3.redhat-00025.jar:/development/maven/maven-cache/org/apache/camel/camel-dataformat/3.18.3.redhat-00022/camel-dataformat-3.18.3.redhat-00022.jar:/development/maven/maven-cache/org/apache/camel/springboot/camel-dataset-starter/3.18.3.redhat-00025/camel-dataset-starter-3.18.3.redhat-00025.jar:/development/maven/maven-cache/org/apache/camel/camel-dataset/3.18.3.redhat-00022/camel-dataset-3.18.3.redhat-00022.jar:/development/maven/maven-cache/org/apache/camel/springboot/camel-direct-starter/3.18.3.redhat-00025/camel-direct-starter-3.18.3.redhat-00025.jar:/development/maven/maven-cache/org/apache/camel/camel-direct/3.18.3.redhat-00022/camel-direct-3.18.3.redhat-00022.jar:/development/maven/maven-cache/org/apache/camel/springboot/camel-directvm-starter/3.18.3/camel-directvm-starter-3.18.3.jar:/development/maven/maven-cache/org/apache/camel/camel-directvm/3.18.3/camel-directvm-3.18.3.jar:/development/maven/maven-cache/org/apache/camel/springboot/camel-file-starter/3.18.3.redhat-00025/camel-file-starter-3.18.3.redhat-00025.jar:/development/maven/maven-cache/org/apache/camel/camel-file/3.18.3.redhat-00022/camel-file-3.18.3.redhat-00022.jar:/development/maven/maven-cache/org/apache/camel/springboot/camel-language-starter/3.18.3.redhat-00025/camel-language-starter-3.18.3.redhat-00025.jar:/development/maven/maven-cache/org/apache/camel/camel-language/3.18.3.redhat-00022/camel-language-3.18.3.redhat-00022.jar:/development/maven/maven-cache/org/apache/camel/springboot/camel-log-starter/3.18.3.redhat-00025/camel-log-starter-3.18.3.redhat-00025.jar:/development/maven/maven-cache/org/apache/camel/camel-log/3.18.3.redhat-00022/camel-log-3.18.3.redhat-00022.jar:/development/maven/maven-cache/org/apache/camel/springboot/camel-mock-starter/3.18.3.redhat-00025/camel-mock-starter-3.18.3.redhat-00025.jar:/development/maven/maven-cache/org/apache/camel/camel-mock/3.18.3.redhat-00022/camel-mock-3.18.3.redhat-00022.jar:/development/maven/maven-cache/org/apache/camel/springboot/camel-ref-starter/3.18.3.redhat-00025/camel-ref-starter-3.18.3.redhat-00025.jar:/development/maven/maven-cache/org/apache/camel/camel-ref/3.18.3.redhat-00022/camel-ref-3.18.3.redhat-00022.jar:/development/maven/maven-cache/org/apache/camel/springboot/camel-rest-starter/3.18.3.redhat-00025/camel-rest-starter-3.18.3.redhat-00025.jar:/development/maven/maven-cache/org/apache/camel/camel-rest/3.18.3.redhat-00022/camel-rest-3.18.3.redhat-00022.jar:/development/maven/maven-cache/org/apache/camel/camel-tooling-model/3.18.3.redhat-00022/camel-tooling-model-3.18.3.redhat-00022.jar:/development/maven/maven-cache/org/apache/camel/springboot/camel-saga-starter/3.18.3.redhat-00025/camel-saga-starter-3.18.3.redhat-00025.jar:/development/maven/maven-cache/org/apache/camel/camel-saga/3.18.3.redhat-00022/camel-saga-3.18.3.redhat-00022.jar:/development/maven/maven-cache/org/apache/camel/springboot/camel-scheduler-starter/3.18.3.redhat-00025/camel-scheduler-starter-3.18.3.redhat-00025.jar:/development/maven/maven-cache/org/apache/camel/camel-scheduler/3.18.3.redhat-00022/camel-scheduler-3.18.3.redhat-00022.jar:/development/maven/maven-cache/org/apache/camel/springboot/camel-seda-starter/3.18.3.redhat-00025/camel-seda-starter-3.18.3.redhat-00025.jar:/development/maven/maven-cache/org/apache/camel/camel-seda/3.18.3.redhat-00022/camel-seda-3.18.3.redhat-00022.jar:/development/maven/maven-cache/org/apache/camel/springboot/camel-stub-starter/3.18.3.redhat-00025/camel-stub-starter-3.18.3.redhat-00025.jar:/development/maven/maven-cache/org/apache/camel/camel-stub/3.18.3.redhat-00022/camel-stub-3.18.3.redhat-00022.jar:/development/maven/maven-cache/org/apache/camel/springboot/camel-timer-starter/3.18.3.redhat-00025/camel-timer-starter-3.18.3.redhat-00025.jar:/development/maven/maven-cache/org/apache/camel/camel-timer/3.18.3.redhat-00022/camel-timer-3.18.3.redhat-00022.jar:/development/maven/maven-cache/org/apache/camel/springboot/camel-validator-starter/3.18.3.redhat-00025/camel-validator-starter-3.18.3.redhat-00025.jar:/development/maven/maven-cache/org/apache/camel/camel-validator/3.18.3.redhat-00022/camel-validator-3.18.3.redhat-00022.jar:/development/maven/maven-cache/org/apache/camel/springboot/camel-vm-starter/3.18.3/camel-vm-starter-3.18.3.jar:/development/maven/maven-cache/org/apache/camel/camel-vm/3.18.3/camel-vm-3.18.3.jar:/development/maven/maven-cache/org/apache/camel/springboot/camel-xpath-starter/3.18.3.redhat-00025/camel-xpath-starter-3.18.3.redhat-00025.jar:/development/maven/maven-cache/org/apache/camel/camel-xpath/3.18.3.redhat-00022/camel-xpath-3.18.3.redhat-00022.jar:/development/maven/maven-cache/org/apache/camel/springboot/camel-xslt-starter/3.18.3.redhat-00025/camel-xslt-starter-3.18.3.redhat-00025.jar:/development/maven/maven-cache/org/apache/camel/camel-xslt/3.18.3.redhat-00022/camel-xslt-3.18.3.redhat-00022.jar:/development/maven/maven-cache/org/apache/camel/springboot/camel-xml-jaxp-starter/3.18.3.redhat-00025/camel-xml-jaxp-starter-3.18.3.redhat-00025.jar:/development/maven/maven-cache/org/apache/camel/camel-xml-jaxp/3.18.3.redhat-00022/camel-xml-jaxp-3.18.3.redhat-00022.jar:/development/maven/maven-cache/org/apache/camel/camel-xml-io-util/3.18.3.redhat-00022/camel-xml-io-util-3.18.3.redhat-00022.jar:/development/maven/maven-cache/org/apache/camel/springboot/camel-bean-starter/3.18.3.redhat-00025/camel-bean-starter-3.18.3.redhat-00025.jar:/development/maven/maven-cache/org/apache/camel/camel-bean/3.18.3.redhat-00022/camel-bean-3.18.3.redhat-00022.jar:/development/maven/maven-cache/org/apache/camel/camel-support/3.18.3.redhat-00022/camel-support-3.18.3.redhat-00022.jar:/development/maven/maven-cache/org/apache/camel/springboot/camel-http-starter/3.18.3.redhat-00025/camel-http-starter-3.18.3.redhat-00025.jar:/development/maven/maven-cache/org/apache/camel/camel-http/3.18.3.redhat-00022/camel-http-3.18.3.redhat-00022.jar:/development/maven/maven-cache/org/apache/camel/camel-http-common/3.18.3.redhat-00022/camel-http-common-3.18.3.redhat-00022.jar:/development/maven/maven-cache/org/apache/camel/camel-http-base/3.18.3.redhat-00022/camel-http-base-3.18.3.redhat-00022.jar:/development/maven/maven-cache/org/apache/camel/camel-attachments/3.18.3.redhat-00022/camel-attachments-3.18.3.redhat-00022.jar:/development/maven/maven-cache/com/sun/activation/javax.activation/1.2.0.redhat-00001/javax.activation-1.2.0.redhat-00001.jar:/development/maven/maven-cache/javax/servlet/javax.servlet-api/4.0.1/javax.servlet-api-4.0.1.jar:/development/maven/maven-cache/org/apache/camel/springboot/camel-platform-http-starter/3.18.3.redhat-00025/camel-platform-http-starter-3.18.3.redhat-00025.jar:/development/maven/maven-cache/org/apache/camel/camel-platform-http/3.18.3.redhat-00022/camel-platform-http-3.18.3.redhat-00022.jar:/development/maven/maven-cache/org/apache/camel/camel-console/3.18.3.redhat-00022/camel-console-3.18.3.redhat-00022.jar:/development/maven/maven-cache/org/apache/camel/springboot/camel-servlet-starter/3.18.3.redhat-00025/camel-servlet-starter-3.18.3.redhat-00025.jar:/development/maven/maven-cache/org/apache/camel/camel-servlet/3.18.3.redhat-00022/camel-servlet-3.18.3.redhat-00022.jar:/development/maven/maven-cache/org/apache/camel/springboot/camel-jackson-starter/3.18.3.redhat-00025/camel-jackson-starter-3.18.3.redhat-00025.jar:/development/maven/maven-cache/org/apache/camel/camel-jackson/3.18.3.redhat-00022/camel-jackson-3.18.3.redhat-00022.jar:/development/maven/maven-cache/io/micrometer/micrometer-registry-prometheus/1.9.6/micrometer-registry-prometheus-1.9.6.jar:/development/maven/maven-cache/io/prometheus/simpleclient_common/0.15.0/simpleclient_common-0.15.0.jar:/development/maven/maven-cache/io/prometheus/simpleclient/0.15.0/simpleclient-0.15.0.jar:/development/maven/maven-cache/io/prometheus/simpleclient_tracer_otel/0.15.0/simpleclient_tracer_otel-0.15.0.jar:/development/maven/maven-cache/io/prometheus/simpleclient_tracer_common/0.15.0/simpleclient_tracer_common-0.15.0.jar:/development/maven/maven-cache/io/prometheus/simpleclient_tracer_otel_agent/0.15.0/simpleclient_tracer_otel_agent-0.15.0.jar:/development/maven/maven-cache/org/apache/camel/springboot/camel-micrometer-starter/3.18.3/camel-micrometer-starter-3.18.3.jar:/development/maven/maven-cache/org/apache/camel/camel-micrometer/3.18.3/camel-micrometer-3.18.3.jar:/development/maven/maven-cache/org/springframework/boot/spring-boot-starter-test/2.7.6/spring-boot-starter-test-2.7.6.jar:/development/maven/maven-cache/org/springframework/boot/spring-boot-test/2.7.6/spring-boot-test-2.7.6.jar:/development/maven/maven-cache/org/springframework/boot/spring-boot-test-autoconfigure/2.7.6/spring-boot-test-autoconfigure-2.7.6.jar:/development/maven/maven-cache/com/jayway/jsonpath/json-path/2.7.0/json-path-2.7.0.jar:/development/maven/maven-cache/net/minidev/json-smart/2.4.8/json-smart-2.4.8.jar:/development/maven/maven-cache/net/minidev/accessors-smart/2.4.8/accessors-smart-2.4.8.jar:/development/maven/maven-cache/org/ow2/asm/asm/9.1/asm-9.1.jar:/development/maven/maven-cache/org/slf4j/slf4j-api/1.7.36/slf4j-api-1.7.36.jar:/development/maven/maven-cache/jakarta/xml/bind/jakarta.xml.bind-api/2.3.3/jakarta.xml.bind-api-2.3.3.jar:/development/maven/maven-cache/jakarta/activation/jakarta.activation-api/1.2.2/jakarta.activation-api-1.2.2.jar:/development/maven/maven-cache/org/assertj/assertj-core/3.22.0/assertj-core-3.22.0.jar:/development/maven/maven-cache/org/hamcrest/hamcrest/2.2/hamcrest-2.2.jar:/development/maven/maven-cache/org/junit/jupiter/junit-jupiter/5.8.2/junit-jupiter-5.8.2.jar:/development/maven/maven-cache/org/junit/jupiter/junit-jupiter-api/5.8.2/junit-jupiter-api-5.8.2.jar:/development/maven/maven-cache/org/opentest4j/opentest4j/1.2.0/opentest4j-1.2.0.jar:/development/maven/maven-cache/org/junit/platform/junit-platform-commons/1.8.2/junit-platform-commons-1.8.2.jar:/development/maven/maven-cache/org/apiguardian/apiguardian-api/1.1.2/apiguardian-api-1.1.2.jar:/development/maven/maven-cache/org/junit/jupiter/junit-jupiter-params/5.8.2/junit-jupiter-params-5.8.2.jar:/development/maven/maven-cache/org/junit/jupiter/junit-jupiter-engine/5.8.2/junit-jupiter-engine-5.8.2.jar:/development/maven/maven-cache/org/junit/platform/junit-platform-engine/1.8.2/junit-platform-engine-1.8.2.jar:/development/maven/maven-cache/org/mockito/mockito-core/4.5.1/mockito-core-4.5.1.jar:/development/maven/maven-cache/net/bytebuddy/byte-buddy/1.12.19/byte-buddy-1.12.19.jar:/development/maven/maven-cache/net/bytebuddy/byte-buddy-agent/1.12.19/byte-buddy-agent-1.12.19.jar:/development/maven/maven-cache/org/objenesis/objenesis/3.2/objenesis-3.2.jar:/development/maven/maven-cache/org/mockito/mockito-junit-jupiter/4.5.1/mockito-junit-jupiter-4.5.1.jar:/development/maven/maven-cache/org/skyscreamer/jsonassert/1.5.1/jsonassert-1.5.1.jar:/development/maven/maven-cache/com/vaadin/external/google/android-json/0.0.20131108.vaadin1/android-json-0.0.20131108.vaadin1.jar:/development/maven/maven-cache/org/springframework/spring-core/5.3.24/spring-core-5.3.24.jar:/development/maven/maven-cache/org/springframework/spring-jcl/5.3.24/spring-jcl-5.3.24.jar:/development/maven/maven-cache/org/springframework/spring-test/5.3.24/spring-test-5.3.24.jar:/development/maven/maven-cache/org/xmlunit/xmlunit-core/2.9.0/xmlunit-core-2.9.0.jar:/development/maven/maven-cache/io/rest-assured/rest-assured/4.5.1/rest-assured-4.5.1.jar:/development/maven/maven-cache/org/codehaus/groovy/groovy/3.0.13/groovy-3.0.13.jar:/development/maven/maven-cache/org/codehaus/groovy/groovy-xml/3.0.13/groovy-xml-3.0.13.jar:/development/maven/maven-cache/org/apache/httpcomponents/httpclient/4.5.13/httpclient-4.5.13.jar:/development/maven/maven-cache/org/apache/httpcomponents/httpcore/4.4.15/httpcore-4.4.15.jar:/development/maven/maven-cache/commons-codec/commons-codec/1.15/commons-codec-1.15.jar:/development/maven/maven-cache/org/apache/httpcomponents/httpmime/4.5.13/httpmime-4.5.13.jar:/development/maven/maven-cache/org/ccil/cowan/tagsoup/tagsoup/1.2.1/tagsoup-1.2.1.jar:/development/maven/maven-cache/io/rest-assured/json-path/4.5.1/json-path-4.5.1.jar:/development/maven/maven-cache/org/codehaus/groovy/groovy-json/3.0.13/groovy-json-3.0.13.jar:/development/maven/maven-cache/io/rest-assured/rest-assured-common/4.5.1/rest-assured-common-4.5.1.jar:/development/maven/maven-cache/io/rest-assured/xml-path/4.5.1/xml-path-4.5.1.jar:/development/maven/maven-cache/org/apache/commons/commons-lang3/3.12.0/commons-lang3-3.12.0.jar:/development/maven/maven-cache/org/apache/camel/camel-test-spring-junit5/3.18.3/camel-test-spring-junit5-3.18.3.jar:/development/maven/maven-cache/org/apache/camel/camel-test-junit5/3.18.3/camel-test-junit5-3.18.3.jar:/development/maven/maven-cache/org/apache/camel/camel-core-languages/3.18.3/camel-core-languages-3.18.3.jar:/development/maven/maven-cache/org/apache/camel/camel-spring-xml/3.18.3/camel-spring-xml-3.18.3.jar:/development/maven/maven-cache/org/apache/camel/camel-xml-jaxb/3.18.3/camel-xml-jaxb-3.18.3.jar:/development/maven/maven-cache/com/sun/xml/bind/jaxb-core/2.3.0/jaxb-core-2.3.0.jar:/development/maven/maven-cache/com/sun/xml/bind/jaxb-impl/2.3.3/jaxb-impl-2.3.3.jar:/development/maven/maven-cache/com/sun/activation/jakarta.activation/1.2.2/jakarta.activation-1.2.2.jar:/development/maven/maven-cache/org/apache/camel/camel-core-xml/3.18.3/camel-core-xml-3.18.3.jar:/development/maven/maven-cache/javax/annotation/javax.annotation-api/1.3.2/javax.annotation-api-1.3.2.jar:"/>
    <property name="java.vm.vendor" value="Red Hat, Inc."/>
    <property name="sun.arch.data.model" value="64"/>
    <property name="java.vendor.url" value="https://www.redhat.com/"/>
    <property name="user.timezone" value="Europe/Brussels"/>
    <property name="os.name" value="Linux"/>
    <property name="java.vm.specification.version" value="17"/>
    <property name="sun.java.launcher" value="SUN_STANDARD"/>
    <property name="user.country" value="US"/>
    <property name="sun.boot.library.path" value="/usr/lib/jvm/java-17-openjdk-17.0.6.0.10-3.el8_7.x86_64/lib"/>
    <property name="sun.java.command" value="/development/workspace/projects/fuse628/migration-jetty/csb-http-app/target/surefire/surefirebooter14179069383464540626.jar /development/workspace/projects/fuse628/migration-jetty/csb-http-app/target/surefire 2023-04-19T11-06-05_033-jvmRun1 surefire13699315133223912287tmp surefire_08737012509240451380tmp"/>
    <property name="jdk.debug" value="release"/>
    <property name="surefire.test.class.path" value="/development/workspace/projects/fuse628/migration-jetty/csb-http-app/target/test-classes:/development/workspace/projects/fuse628/migration-jetty/csb-http-app/target/classes:/development/maven/maven-cache/org/springframework/boot/spring-boot-starter-web/2.7.6/spring-boot-starter-web-2.7.6.jar:/development/maven/maven-cache/org/springframework/boot/spring-boot-starter/2.7.6/spring-boot-starter-2.7.6.jar:/development/maven/maven-cache/org/springframework/boot/spring-boot/2.7.6/spring-boot-2.7.6.jar:/development/maven/maven-cache/org/springframework/boot/spring-boot-autoconfigure/2.7.6/spring-boot-autoconfigure-2.7.6.jar:/development/maven/maven-cache/org/springframework/boot/spring-boot-starter-logging/2.7.6/spring-boot-starter-logging-2.7.6.jar:/development/maven/maven-cache/ch/qos/logback/logback-classic/1.2.11/logback-classic-1.2.11.jar:/development/maven/maven-cache/ch/qos/logback/logback-core/1.2.11/logback-core-1.2.11.jar:/development/maven/maven-cache/org/apache/logging/log4j/log4j-to-slf4j/2.17.2/log4j-to-slf4j-2.17.2.jar:/development/maven/maven-cache/org/apache/logging/log4j/log4j-api/2.17.2/log4j-api-2.17.2.jar:/development/maven/maven-cache/org/slf4j/jul-to-slf4j/1.7.36/jul-to-slf4j-1.7.36.jar:/development/maven/maven-cache/jakarta/annotation/jakarta.annotation-api/1.3.5/jakarta.annotation-api-1.3.5.jar:/development/maven/maven-cache/org/yaml/snakeyaml/1.30/snakeyaml-1.30.jar:/development/maven/maven-cache/org/springframework/boot/spring-boot-starter-json/2.7.6/spring-boot-starter-json-2.7.6.jar:/development/maven/maven-cache/com/fasterxml/jackson/core/jackson-databind/2.13.4.2/jackson-databind-2.13.4.2.jar:/development/maven/maven-cache/com/fasterxml/jackson/core/jackson-annotations/2.13.4/jackson-annotations-2.13.4.jar:/development/maven/maven-cache/com/fasterxml/jackson/core/jackson-core/2.13.4/jackson-core-2.13.4.jar:/development/maven/maven-cache/com/fasterxml/jackson/datatype/jackson-datatype-jdk8/2.13.4/jackson-datatype-jdk8-2.13.4.jar:/development/maven/maven-cache/com/fasterxml/jackson/datatype/jackson-datatype-jsr310/2.13.4/jackson-datatype-jsr310-2.13.4.jar:/development/maven/maven-cache/com/fasterxml/jackson/module/jackson-module-parameter-names/2.13.4/jackson-module-parameter-names-2.13.4.jar:/development/maven/maven-cache/org/springframework/spring-web/5.3.24/spring-web-5.3.24.jar:/development/maven/maven-cache/org/springframework/spring-beans/5.3.24/spring-beans-5.3.24.jar:/development/maven/maven-cache/org/springframework/spring-webmvc/5.3.24/spring-webmvc-5.3.24.jar:/development/maven/maven-cache/org/springframework/spring-aop/5.3.24/spring-aop-5.3.24.jar:/development/maven/maven-cache/org/springframework/spring-context/5.3.24/spring-context-5.3.24.jar:/development/maven/maven-cache/org/springframework/spring-expression/5.3.24/spring-expression-5.3.24.jar:/development/maven/maven-cache/org/springframework/boot/spring-boot-starter-undertow/2.7.6/spring-boot-starter-undertow-2.7.6.jar:/development/maven/maven-cache/io/undertow/undertow-core/2.2.20.Final/undertow-core-2.2.20.Final.jar:/development/maven/maven-cache/org/jboss/logging/jboss-logging/3.4.3.Final/jboss-logging-3.4.3.Final.jar:/development/maven/maven-cache/org/jboss/xnio/xnio-api/3.8.7.Final/xnio-api-3.8.7.Final.jar:/development/maven/maven-cache/org/wildfly/common/wildfly-common/1.5.4.Final/wildfly-common-1.5.4.Final.jar:/development/maven/maven-cache/org/wildfly/client/wildfly-client-config/1.0.1.Final/wildfly-client-config-1.0.1.Final.jar:/development/maven/maven-cache/org/jboss/xnio/xnio-nio/3.8.7.Final/xnio-nio-3.8.7.Final.jar:/development/maven/maven-cache/org/jboss/threads/jboss-threads/3.1.0.Final/jboss-threads-3.1.0.Final.jar:/development/maven/maven-cache/io/undertow/undertow-servlet/2.2.20.Final/undertow-servlet-2.2.20.Final.jar:/development/maven/maven-cache/io/undertow/undertow-websockets-jsr/2.2.20.Final/undertow-websockets-jsr-2.2.20.Final.jar:/development/maven/maven-cache/jakarta/servlet/jakarta.servlet-api/4.0.4/jakarta.servlet-api-4.0.4.jar:/development/maven/maven-cache/jakarta/websocket/jakarta.websocket-api/1.1.2/jakarta.websocket-api-1.1.2.jar:/development/maven/maven-cache/org/apache/tomcat/embed/tomcat-embed-el/9.0.69/tomcat-embed-el-9.0.69.jar:/development/maven/maven-cache/org/springframework/boot/spring-boot-starter-actuator/2.7.6/spring-boot-starter-actuator-2.7.6.jar:/development/maven/maven-cache/org/springframework/boot/spring-boot-actuator-autoconfigure/2.7.6/spring-boot-actuator-autoconfigure-2.7.6.jar:/development/maven/maven-cache/org/springframework/boot/spring-boot-actuator/2.7.6/spring-boot-actuator-2.7.6.jar:/development/maven/maven-cache/io/micrometer/micrometer-core/1.9.6/micrometer-core-1.9.6.jar:/development/maven/maven-cache/org/hdrhistogram/HdrHistogram/2.1.12/HdrHistogram-2.1.12.jar:/development/maven/maven-cache/org/latencyutils/LatencyUtils/2.0.3/LatencyUtils-2.0.3.jar:/development/maven/maven-cache/org/apache/camel/springboot/camel-spring-boot-starter/3.18.3.redhat-00025/camel-spring-boot-starter-3.18.3.redhat-00025.jar:/development/maven/maven-cache/org/apache/camel/springboot/camel-spring-boot/3.18.3.redhat-00025/camel-spring-boot-3.18.3.redhat-00025.jar:/development/maven/maven-cache/org/apache/camel/camel-spring/3.18.3/camel-spring-3.18.3.jar:/development/maven/maven-cache/org/apache/camel/camel-management-api/3.18.3/camel-management-api-3.18.3.jar:/development/maven/maven-cache/org/springframework/spring-tx/5.3.24/spring-tx-5.3.24.jar:/development/maven/maven-cache/org/apache/camel/camel-spring-main/3.18.3/camel-spring-main-3.18.3.jar:/development/maven/maven-cache/org/apache/camel/camel-main/3.18.3/camel-main-3.18.3.jar:/development/maven/maven-cache/org/apache/camel/camel-base/3.18.3/camel-base-3.18.3.jar:/development/maven/maven-cache/org/apache/camel/camel-util-json/3.18.3.redhat-00022/camel-util-json-3.18.3.redhat-00022.jar:/development/maven/maven-cache/org/apache/camel/camel-xml-jaxb-dsl/3.18.3/camel-xml-jaxb-dsl-3.18.3.jar:/development/maven/maven-cache/org/apache/camel/camel-dsl-support/3.18.3/camel-dsl-support-3.18.3.jar:/development/maven/maven-cache/org/apache/camel/camel-cloud/3.18.3.redhat-00022/camel-cloud-3.18.3.redhat-00022.jar:/development/maven/maven-cache/org/apache/camel/camel-core-model/3.18.3.redhat-00022/camel-core-model-3.18.3.redhat-00022.jar:/development/maven/maven-cache/org/apache/camel/camel-core-processor/3.18.3.redhat-00022/camel-core-processor-3.18.3.redhat-00022.jar:/development/maven/maven-cache/org/apache/camel/camel-cluster/3.18.3.redhat-00022/camel-cluster-3.18.3.redhat-00022.jar:/development/maven/maven-cache/org/apache/camel/camel-base-engine/3.18.3.redhat-00022/camel-base-engine-3.18.3.redhat-00022.jar:/development/maven/maven-cache/org/apache/camel/camel-health/3.18.3.redhat-00022/camel-health-3.18.3.redhat-00022.jar:/development/maven/maven-cache/org/apache/camel/springboot/camel-core-starter/3.18.3.redhat-00025/camel-core-starter-3.18.3.redhat-00025.jar:/development/maven/maven-cache/org/apache/camel/camel-core-engine/3.18.3.redhat-00022/camel-core-engine-3.18.3.redhat-00022.jar:/development/maven/maven-cache/org/apache/camel/camel-api/3.18.3.redhat-00022/camel-api-3.18.3.redhat-00022.jar:/development/maven/maven-cache/org/apache/camel/camel-core-reifier/3.18.3.redhat-00022/camel-core-reifier-3.18.3.redhat-00022.jar:/development/maven/maven-cache/org/apache/camel/camel-util/3.18.3.redhat-00022/camel-util-3.18.3.redhat-00022.jar:/development/maven/maven-cache/org/apache/camel/springboot/camel-browse-starter/3.18.3.redhat-00025/camel-browse-starter-3.18.3.redhat-00025.jar:/development/maven/maven-cache/org/apache/camel/camel-browse/3.18.3.redhat-00022/camel-browse-3.18.3.redhat-00022.jar:/development/maven/maven-cache/org/apache/camel/springboot/camel-controlbus-starter/3.18.3.redhat-00025/camel-controlbus-starter-3.18.3.redhat-00025.jar:/development/maven/maven-cache/org/apache/camel/camel-controlbus/3.18.3.redhat-00022/camel-controlbus-3.18.3.redhat-00022.jar:/development/maven/maven-cache/org/apache/camel/springboot/camel-dataformat-starter/3.18.3.redhat-00025/camel-dataformat-starter-3.18.3.redhat-00025.jar:/development/maven/maven-cache/org/apache/camel/camel-dataformat/3.18.3.redhat-00022/camel-dataformat-3.18.3.redhat-00022.jar:/development/maven/maven-cache/org/apache/camel/springboot/camel-dataset-starter/3.18.3.redhat-00025/camel-dataset-starter-3.18.3.redhat-00025.jar:/development/maven/maven-cache/org/apache/camel/camel-dataset/3.18.3.redhat-00022/camel-dataset-3.18.3.redhat-00022.jar:/development/maven/maven-cache/org/apache/camel/springboot/camel-direct-starter/3.18.3.redhat-00025/camel-direct-starter-3.18.3.redhat-00025.jar:/development/maven/maven-cache/org/apache/camel/camel-direct/3.18.3.redhat-00022/camel-direct-3.18.3.redhat-00022.jar:/development/maven/maven-cache/org/apache/camel/springboot/camel-directvm-starter/3.18.3/camel-directvm-starter-3.18.3.jar:/development/maven/maven-cache/org/apache/camel/camel-directvm/3.18.3/camel-directvm-3.18.3.jar:/development/maven/maven-cache/org/apache/camel/springboot/camel-file-starter/3.18.3.redhat-00025/camel-file-starter-3.18.3.redhat-00025.jar:/development/maven/maven-cache/org/apache/camel/camel-file/3.18.3.redhat-00022/camel-file-3.18.3.redhat-00022.jar:/development/maven/maven-cache/org/apache/camel/springboot/camel-language-starter/3.18.3.redhat-00025/camel-language-starter-3.18.3.redhat-00025.jar:/development/maven/maven-cache/org/apache/camel/camel-language/3.18.3.redhat-00022/camel-language-3.18.3.redhat-00022.jar:/development/maven/maven-cache/org/apache/camel/springboot/camel-log-starter/3.18.3.redhat-00025/camel-log-starter-3.18.3.redhat-00025.jar:/development/maven/maven-cache/org/apache/camel/camel-log/3.18.3.redhat-00022/camel-log-3.18.3.redhat-00022.jar:/development/maven/maven-cache/org/apache/camel/springboot/camel-mock-starter/3.18.3.redhat-00025/camel-mock-starter-3.18.3.redhat-00025.jar:/development/maven/maven-cache/org/apache/camel/camel-mock/3.18.3.redhat-00022/camel-mock-3.18.3.redhat-00022.jar:/development/maven/maven-cache/org/apache/camel/springboot/camel-ref-starter/3.18.3.redhat-00025/camel-ref-starter-3.18.3.redhat-00025.jar:/development/maven/maven-cache/org/apache/camel/camel-ref/3.18.3.redhat-00022/camel-ref-3.18.3.redhat-00022.jar:/development/maven/maven-cache/org/apache/camel/springboot/camel-rest-starter/3.18.3.redhat-00025/camel-rest-starter-3.18.3.redhat-00025.jar:/development/maven/maven-cache/org/apache/camel/camel-rest/3.18.3.redhat-00022/camel-rest-3.18.3.redhat-00022.jar:/development/maven/maven-cache/org/apache/camel/camel-tooling-model/3.18.3.redhat-00022/camel-tooling-model-3.18.3.redhat-00022.jar:/development/maven/maven-cache/org/apache/camel/springboot/camel-saga-starter/3.18.3.redhat-00025/camel-saga-starter-3.18.3.redhat-00025.jar:/development/maven/maven-cache/org/apache/camel/camel-saga/3.18.3.redhat-00022/camel-saga-3.18.3.redhat-00022.jar:/development/maven/maven-cache/org/apache/camel/springboot/camel-scheduler-starter/3.18.3.redhat-00025/camel-scheduler-starter-3.18.3.redhat-00025.jar:/development/maven/maven-cache/org/apache/camel/camel-scheduler/3.18.3.redhat-00022/camel-scheduler-3.18.3.redhat-00022.jar:/development/maven/maven-cache/org/apache/camel/springboot/camel-seda-starter/3.18.3.redhat-00025/camel-seda-starter-3.18.3.redhat-00025.jar:/development/maven/maven-cache/org/apache/camel/camel-seda/3.18.3.redhat-00022/camel-seda-3.18.3.redhat-00022.jar:/development/maven/maven-cache/org/apache/camel/springboot/camel-stub-starter/3.18.3.redhat-00025/camel-stub-starter-3.18.3.redhat-00025.jar:/development/maven/maven-cache/org/apache/camel/camel-stub/3.18.3.redhat-00022/camel-stub-3.18.3.redhat-00022.jar:/development/maven/maven-cache/org/apache/camel/springboot/camel-timer-starter/3.18.3.redhat-00025/camel-timer-starter-3.18.3.redhat-00025.jar:/development/maven/maven-cache/org/apache/camel/camel-timer/3.18.3.redhat-00022/camel-timer-3.18.3.redhat-00022.jar:/development/maven/maven-cache/org/apache/camel/springboot/camel-validator-starter/3.18.3.redhat-00025/camel-validator-starter-3.18.3.redhat-00025.jar:/development/maven/maven-cache/org/apache/camel/camel-validator/3.18.3.redhat-00022/camel-validator-3.18.3.redhat-00022.jar:/development/maven/maven-cache/org/apache/camel/springboot/camel-vm-starter/3.18.3/camel-vm-starter-3.18.3.jar:/development/maven/maven-cache/org/apache/camel/camel-vm/3.18.3/camel-vm-3.18.3.jar:/development/maven/maven-cache/org/apache/camel/springboot/camel-xpath-starter/3.18.3.redhat-00025/camel-xpath-starter-3.18.3.redhat-00025.jar:/development/maven/maven-cache/org/apache/camel/camel-xpath/3.18.3.redhat-00022/camel-xpath-3.18.3.redhat-00022.jar:/development/maven/maven-cache/org/apache/camel/springboot/camel-xslt-starter/3.18.3.redhat-00025/camel-xslt-starter-3.18.3.redhat-00025.jar:/development/maven/maven-cache/org/apache/camel/camel-xslt/3.18.3.redhat-00022/camel-xslt-3.18.3.redhat-00022.jar:/development/maven/maven-cache/org/apache/camel/springboot/camel-xml-jaxp-starter/3.18.3.redhat-00025/camel-xml-jaxp-starter-3.18.3.redhat-00025.jar:/development/maven/maven-cache/org/apache/camel/camel-xml-jaxp/3.18.3.redhat-00022/camel-xml-jaxp-3.18.3.redhat-00022.jar:/development/maven/maven-cache/org/apache/camel/camel-xml-io-util/3.18.3.redhat-00022/camel-xml-io-util-3.18.3.redhat-00022.jar:/development/maven/maven-cache/org/apache/camel/springboot/camel-bean-starter/3.18.3.redhat-00025/camel-bean-starter-3.18.3.redhat-00025.jar:/development/maven/maven-cache/org/apache/camel/camel-bean/3.18.3.redhat-00022/camel-bean-3.18.3.redhat-00022.jar:/development/maven/maven-cache/org/apache/camel/camel-support/3.18.3.redhat-00022/camel-support-3.18.3.redhat-00022.jar:/development/maven/maven-cache/org/apache/camel/springboot/camel-http-starter/3.18.3.redhat-00025/camel-http-starter-3.18.3.redhat-00025.jar:/development/maven/maven-cache/org/apache/camel/camel-http/3.18.3.redhat-00022/camel-http-3.18.3.redhat-00022.jar:/development/maven/maven-cache/org/apache/camel/camel-http-common/3.18.3.redhat-00022/camel-http-common-3.18.3.redhat-00022.jar:/development/maven/maven-cache/org/apache/camel/camel-http-base/3.18.3.redhat-00022/camel-http-base-3.18.3.redhat-00022.jar:/development/maven/maven-cache/org/apache/camel/camel-attachments/3.18.3.redhat-00022/camel-attachments-3.18.3.redhat-00022.jar:/development/maven/maven-cache/com/sun/activation/javax.activation/1.2.0.redhat-00001/javax.activation-1.2.0.redhat-00001.jar:/development/maven/maven-cache/javax/servlet/javax.servlet-api/4.0.1/javax.servlet-api-4.0.1.jar:/development/maven/maven-cache/org/apache/camel/springboot/camel-platform-http-starter/3.18.3.redhat-00025/camel-platform-http-starter-3.18.3.redhat-00025.jar:/development/maven/maven-cache/org/apache/camel/camel-platform-http/3.18.3.redhat-00022/camel-platform-http-3.18.3.redhat-00022.jar:/development/maven/maven-cache/org/apache/camel/camel-console/3.18.3.redhat-00022/camel-console-3.18.3.redhat-00022.jar:/development/maven/maven-cache/org/apache/camel/springboot/camel-servlet-starter/3.18.3.redhat-00025/camel-servlet-starter-3.18.3.redhat-00025.jar:/development/maven/maven-cache/org/apache/camel/camel-servlet/3.18.3.redhat-00022/camel-servlet-3.18.3.redhat-00022.jar:/development/maven/maven-cache/org/apache/camel/springboot/camel-jackson-starter/3.18.3.redhat-00025/camel-jackson-starter-3.18.3.redhat-00025.jar:/development/maven/maven-cache/org/apache/camel/camel-jackson/3.18.3.redhat-00022/camel-jackson-3.18.3.redhat-00022.jar:/development/maven/maven-cache/io/micrometer/micrometer-registry-prometheus/1.9.6/micrometer-registry-prometheus-1.9.6.jar:/development/maven/maven-cache/io/prometheus/simpleclient_common/0.15.0/simpleclient_common-0.15.0.jar:/development/maven/maven-cache/io/prometheus/simpleclient/0.15.0/simpleclient-0.15.0.jar:/development/maven/maven-cache/io/prometheus/simpleclient_tracer_otel/0.15.0/simpleclient_tracer_otel-0.15.0.jar:/development/maven/maven-cache/io/prometheus/simpleclient_tracer_common/0.15.0/simpleclient_tracer_common-0.15.0.jar:/development/maven/maven-cache/io/prometheus/simpleclient_tracer_otel_agent/0.15.0/simpleclient_tracer_otel_agent-0.15.0.jar:/development/maven/maven-cache/org/apache/camel/springboot/camel-micrometer-starter/3.18.3/camel-micrometer-starter-3.18.3.jar:/development/maven/maven-cache/org/apache/camel/camel-micrometer/3.18.3/camel-micrometer-3.18.3.jar:/development/maven/maven-cache/org/springframework/boot/spring-boot-starter-test/2.7.6/spring-boot-starter-test-2.7.6.jar:/development/maven/maven-cache/org/springframework/boot/spring-boot-test/2.7.6/spring-boot-test-2.7.6.jar:/development/maven/maven-cache/org/springframework/boot/spring-boot-test-autoconfigure/2.7.6/spring-boot-test-autoconfigure-2.7.6.jar:/development/maven/maven-cache/com/jayway/jsonpath/json-path/2.7.0/json-path-2.7.0.jar:/development/maven/maven-cache/net/minidev/json-smart/2.4.8/json-smart-2.4.8.jar:/development/maven/maven-cache/net/minidev/accessors-smart/2.4.8/accessors-smart-2.4.8.jar:/development/maven/maven-cache/org/ow2/asm/asm/9.1/asm-9.1.jar:/development/maven/maven-cache/org/slf4j/slf4j-api/1.7.36/slf4j-api-1.7.36.jar:/development/maven/maven-cache/jakarta/xml/bind/jakarta.xml.bind-api/2.3.3/jakarta.xml.bind-api-2.3.3.jar:/development/maven/maven-cache/jakarta/activation/jakarta.activation-api/1.2.2/jakarta.activation-api-1.2.2.jar:/development/maven/maven-cache/org/assertj/assertj-core/3.22.0/assertj-core-3.22.0.jar:/development/maven/maven-cache/org/hamcrest/hamcrest/2.2/hamcrest-2.2.jar:/development/maven/maven-cache/org/junit/jupiter/junit-jupiter/5.8.2/junit-jupiter-5.8.2.jar:/development/maven/maven-cache/org/junit/jupiter/junit-jupiter-api/5.8.2/junit-jupiter-api-5.8.2.jar:/development/maven/maven-cache/org/opentest4j/opentest4j/1.2.0/opentest4j-1.2.0.jar:/development/maven/maven-cache/org/junit/platform/junit-platform-commons/1.8.2/junit-platform-commons-1.8.2.jar:/development/maven/maven-cache/org/apiguardian/apiguardian-api/1.1.2/apiguardian-api-1.1.2.jar:/development/maven/maven-cache/org/junit/jupiter/junit-jupiter-params/5.8.2/junit-jupiter-params-5.8.2.jar:/development/maven/maven-cache/org/junit/jupiter/junit-jupiter-engine/5.8.2/junit-jupiter-engine-5.8.2.jar:/development/maven/maven-cache/org/junit/platform/junit-platform-engine/1.8.2/junit-platform-engine-1.8.2.jar:/development/maven/maven-cache/org/mockito/mockito-core/4.5.1/mockito-core-4.5.1.jar:/development/maven/maven-cache/net/bytebuddy/byte-buddy/1.12.19/byte-buddy-1.12.19.jar:/development/maven/maven-cache/net/bytebuddy/byte-buddy-agent/1.12.19/byte-buddy-agent-1.12.19.jar:/development/maven/maven-cache/org/objenesis/objenesis/3.2/objenesis-3.2.jar:/development/maven/maven-cache/org/mockito/mockito-junit-jupiter/4.5.1/mockito-junit-jupiter-4.5.1.jar:/development/maven/maven-cache/org/skyscreamer/jsonassert/1.5.1/jsonassert-1.5.1.jar:/development/maven/maven-cache/com/vaadin/external/google/android-json/0.0.20131108.vaadin1/android-json-0.0.20131108.vaadin1.jar:/development/maven/maven-cache/org/springframework/spring-core/5.3.24/spring-core-5.3.24.jar:/development/maven/maven-cache/org/springframework/spring-jcl/5.3.24/spring-jcl-5.3.24.jar:/development/maven/maven-cache/org/springframework/spring-test/5.3.24/spring-test-5.3.24.jar:/development/maven/maven-cache/org/xmlunit/xmlunit-core/2.9.0/xmlunit-core-2.9.0.jar:/development/maven/maven-cache/io/rest-assured/rest-assured/4.5.1/rest-assured-4.5.1.jar:/development/maven/maven-cache/org/codehaus/groovy/groovy/3.0.13/groovy-3.0.13.jar:/development/maven/maven-cache/org/codehaus/groovy/groovy-xml/3.0.13/groovy-xml-3.0.13.jar:/development/maven/maven-cache/org/apache/httpcomponents/httpclient/4.5.13/httpclient-4.5.13.jar:/development/maven/maven-cache/org/apache/httpcomponents/httpcore/4.4.15/httpcore-4.4.15.jar:/development/maven/maven-cache/commons-codec/commons-codec/1.15/commons-codec-1.15.jar:/development/maven/maven-cache/org/apache/httpcomponents/httpmime/4.5.13/httpmime-4.5.13.jar:/development/maven/maven-cache/org/ccil/cowan/tagsoup/tagsoup/1.2.1/tagsoup-1.2.1.jar:/development/maven/maven-cache/io/rest-assured/json-path/4.5.1/json-path-4.5.1.jar:/development/maven/maven-cache/org/codehaus/groovy/groovy-json/3.0.13/groovy-json-3.0.13.jar:/development/maven/maven-cache/io/rest-assured/rest-assured-common/4.5.1/rest-assured-common-4.5.1.jar:/development/maven/maven-cache/io/rest-assured/xml-path/4.5.1/xml-path-4.5.1.jar:/development/maven/maven-cache/org/apache/commons/commons-lang3/3.12.0/commons-lang3-3.12.0.jar:/development/maven/maven-cache/org/apache/camel/camel-test-spring-junit5/3.18.3/camel-test-spring-junit5-3.18.3.jar:/development/maven/maven-cache/org/apache/camel/camel-test-junit5/3.18.3/camel-test-junit5-3.18.3.jar:/development/maven/maven-cache/org/apache/camel/camel-core-languages/3.18.3/camel-core-languages-3.18.3.jar:/development/maven/maven-cache/org/apache/camel/camel-spring-xml/3.18.3/camel-spring-xml-3.18.3.jar:/development/maven/maven-cache/org/apache/camel/camel-xml-jaxb/3.18.3/camel-xml-jaxb-3.18.3.jar:/development/maven/maven-cache/com/sun/xml/bind/jaxb-core/2.3.0/jaxb-core-2.3.0.jar:/development/maven/maven-cache/com/sun/xml/bind/jaxb-impl/2.3.3/jaxb-impl-2.3.3.jar:/development/maven/maven-cache/com/sun/activation/jakarta.activation/1.2.2/jakarta.activation-1.2.2.jar:/development/maven/maven-cache/org/apache/camel/camel-core-xml/3.18.3/camel-core-xml-3.18.3.jar:/development/maven/maven-cache/javax/annotation/javax.annotation-api/1.3.2/javax.annotation-api-1.3.2.jar:"/>
    <property name="sun.cpu.endian" value="little"/>
    <property name="user.home" value="/home/mthirion"/>
    <property name="user.language" value="en"/>
    <property name="java.specification.vendor" value="Oracle Corporation"/>
    <property name="java.version.date" value="2023-01-17"/>
    <property name="java.home" value="/usr/lib/jvm/java-17-openjdk-17.0.6.0.10-3.el8_7.x86_64"/>
    <property name="file.separator" value="/"/>
    <property name="basedir" value="/development/workspace/projects/fuse628/migration-jetty/csb-http-app"/>
    <property name="java.vm.compressedOopsMode" value="Zero based"/>
    <property name="line.separator" value="&#10;"/>
    <property name="java.specification.name" value="Java Platform API Specification"/>
    <property name="java.vm.specification.vendor" value="Oracle Corporation"/>
    <property name="FILE_LOG_CHARSET" value="UTF-8"/>
    <property name="java.awt.headless" value="true"/>
    <property name="surefire.real.class.path" value="/development/workspace/projects/fuse628/migration-jetty/csb-http-app/target/surefire/surefirebooter14179069383464540626.jar"/>
    <property name="sun.management.compiler" value="HotSpot 64-Bit Tiered Compilers"/>
    <property name="java.runtime.version" value="17.0.6+10-LTS"/>
    <property name="user.name" value="mthirion"/>
    <property name="path.separator" value=":"/>
    <property name="os.version" value="4.18.0-425.10.1.el8_7.x86_64"/>
    <property name="java.runtime.name" value="OpenJDK Runtime Environment"/>
    <property name="file.encoding" value="UTF-8"/>
    <property name="spring.beaninfo.ignore" value="true"/>
    <property name="sun.nio.ch.bugLevel" value=""/>
    <property name="java.vm.name" value="OpenJDK 64-Bit Server VM"/>
    <property name="java.vendor.version" value="(Red_Hat-17.0.6.0.10-3.el8_7)"/>
    <property name="localRepository" value="/development/maven/maven-cache"/>
    <property name="java.vendor.url.bug" value="https://bugzilla.redhat.com/enter_bug.cgi?product=Red%20Hat%20Enterprise%20Linux%208&amp;component=java-17-openjdk"/>
    <property name="java.io.tmpdir" value="/tmp"/>
    <property name="java.version" value="17.0.6"/>
    <property name="user.dir" value="/development/workspace/projects/fuse628/migration-jetty/csb-http-app"/>
    <property name="os.arch" value="amd64"/>
    <property name="java.vm.specification.name" value="Java Virtual Machine Specification"/>
    <property name="PID" value="2435213"/>
    <property name="CONSOLE_LOG_CHARSET" value="UTF-8"/>
    <property name="native.encoding" value="UTF-8"/>
    <property name="java.library.path" value="/usr/java/packages/lib:/usr/lib64:/lib64:/lib:/usr/lib"/>
    <property name="java.vm.info" value="mixed mode, sharing"/>
    <property name="java.vendor" value="Red Hat, Inc."/>
    <property name="java.vm.version" value="17.0.6+10-LTS"/>
    <property name="sun.io.unicode.encoding" value="UnicodeLittle"/>
    <property name="java.class.version" value="61.0"/>
  </properties>
  <testcase name="testCamelRoute" classname="com.redhat.appfoundations.camel.test.CamelRouteTest" time="0">
    <skipped message="public void com.redhat.appfoundations.camel.test.CamelRouteTest.testCamelRoute() throws java.lang.Exception is @Disabled"/>
    <system-out><![CDATA[11:06:05.702 [main] DEBUG org.springframework.test.context.BootstrapUtils - Instantiating CacheAwareContextLoaderDelegate from class [org.springframework.test.context.cache.DefaultCacheAwareContextLoaderDelegate]
11:06:05.708 [main] DEBUG org.springframework.test.context.BootstrapUtils - Instantiating BootstrapContext using constructor [public org.springframework.test.context.support.DefaultBootstrapContext(java.lang.Class,org.springframework.test.context.CacheAwareContextLoaderDelegate)]
11:06:05.733 [main] DEBUG org.springframework.test.context.BootstrapUtils - Instantiating TestContextBootstrapper for test class [com.redhat.appfoundations.camel.test.CamelRouteTest] from class [org.springframework.boot.test.context.SpringBootTestContextBootstrapper]
11:06:05.739 [main] INFO org.springframework.boot.test.context.SpringBootTestContextBootstrapper - Neither @ContextConfiguration nor @ContextHierarchy found for test class [com.redhat.appfoundations.camel.test.CamelRouteTest], using SpringBootContextLoader
11:06:05.742 [main] DEBUG org.springframework.test.context.support.AbstractContextLoader - Did not detect default resource location for test class [com.redhat.appfoundations.camel.test.CamelRouteTest]: class path resource [com/redhat/appfoundations/camel/test/CamelRouteTest-context.xml] does not exist
11:06:05.742 [main] DEBUG org.springframework.test.context.support.AbstractContextLoader - Did not detect default resource location for test class [com.redhat.appfoundations.camel.test.CamelRouteTest]: class path resource [com/redhat/appfoundations/camel/test/CamelRouteTestContext.groovy] does not exist
11:06:05.742 [main] INFO org.springframework.test.context.support.AbstractContextLoader - Could not detect default resource locations for test class [com.redhat.appfoundations.camel.test.CamelRouteTest]: no resource found for suffixes {-context.xml, Context.groovy}.
11:06:05.743 [main] INFO org.springframework.test.context.support.AnnotationConfigContextLoaderUtils - Could not detect default configuration classes for test class [com.redhat.appfoundations.camel.test.CamelRouteTest]: CamelRouteTest does not declare any static, non-private, non-final, nested classes annotated with @Configuration.
11:06:05.821 [main] DEBUG org.springframework.context.annotation.ClassPathScanningCandidateComponentProvider - Identified candidate component class: file [/development/workspace/projects/fuse628/migration-jetty/csb-http-app/target/classes/com/redhat/appfoundations/camel/MySpringBootApplication.class]
11:06:05.822 [main] INFO org.springframework.boot.test.context.SpringBootTestContextBootstrapper - Found @SpringBootConfiguration com.redhat.appfoundations.camel.MySpringBootApplication for test class com.redhat.appfoundations.camel.test.CamelRouteTest
11:06:05.877 [main] DEBUG org.springframework.boot.test.context.SpringBootTestContextBootstrapper - Merging default listeners with listeners configured via @TestExecutionListeners for class [com.redhat.appfoundations.camel.test.CamelRouteTest].
11:06:05.877 [main] INFO org.springframework.boot.test.context.SpringBootTestContextBootstrapper - Loaded default TestExecutionListener class names from location [META-INF/spring.factories]: [org.springframework.boot.test.mock.mockito.MockitoTestExecutionListener, org.springframework.boot.test.mock.mockito.ResetMocksTestExecutionListener, org.springframework.boot.test.autoconfigure.restdocs.RestDocsTestExecutionListener, org.springframework.boot.test.autoconfigure.web.client.MockRestServiceServerResetTestExecutionListener, org.springframework.boot.test.autoconfigure.web.servlet.MockMvcPrintOnlyOnFailureTestExecutionListener, org.springframework.boot.test.autoconfigure.web.servlet.WebDriverTestExecutionListener, org.springframework.boot.test.autoconfigure.webservices.client.MockWebServiceServerTestExecutionListener, org.springframework.test.context.web.ServletTestExecutionListener, org.springframework.test.context.support.DirtiesContextBeforeModesTestExecutionListener, org.springframework.test.context.event.ApplicationEventsTestExecutionListener, org.springframework.test.context.support.DependencyInjectionTestExecutionListener, org.springframework.test.context.support.DirtiesContextTestExecutionListener, org.springframework.test.context.transaction.TransactionalTestExecutionListener, org.springframework.test.context.jdbc.SqlScriptsTestExecutionListener, org.springframework.test.context.event.EventPublishingTestExecutionListener]
11:06:05.889 [main] INFO org.springframework.boot.test.context.SpringBootTestContextBootstrapper - Using TestExecutionListeners: [org.apache.camel.test.spring.junit5.CamelSpringTestContextLoaderTestExecutionListener@53dbe163, org.apache.camel.test.spring.junit5.CamelSpringBootExecutionListener@db57326, org.apache.camel.test.spring.junit5.StopWatchTestExecutionListener@34a875b3, org.springframework.test.context.web.ServletTestExecutionListener@4748a0f9, org.springframework.test.context.support.DirtiesContextBeforeModesTestExecutionListener@4b14918a, org.springframework.test.context.event.ApplicationEventsTestExecutionListener@6d1ef78d, org.springframework.boot.test.mock.mockito.MockitoTestExecutionListener@1a6c1270, org.springframework.boot.test.autoconfigure.SpringBootDependencyInjectionTestExecutionListener@18a136ac, org.springframework.test.context.support.DirtiesContextTestExecutionListener@77d67cf3, org.springframework.test.context.transaction.TransactionalTestExecutionListener@6dee4f1b, org.springframework.test.context.jdbc.SqlScriptsTestExecutionListener@176b3f44, org.springframework.test.context.event.EventPublishingTestExecutionListener@6ee6f53, org.springframework.boot.test.mock.mockito.ResetMocksTestExecutionListener@421bba99, org.springframework.boot.test.autoconfigure.restdocs.RestDocsTestExecutionListener@5d12a356, org.springframework.boot.test.autoconfigure.web.client.MockRestServiceServerResetTestExecutionListener@134d26af, org.springframework.boot.test.autoconfigure.web.servlet.MockMvcPrintOnlyOnFailureTestExecutionListener@66ac5762, org.springframework.boot.test.autoconfigure.web.servlet.WebDriverTestExecutionListener@797cf65c, org.springframework.boot.test.autoconfigure.webservices.client.MockWebServiceServerTestExecutionListener@31bcf236]
11:06:05.911 [main] DEBUG org.springframework.test.context.support.AbstractDirtiesContextTestExecutionListener - Before test class: context [DefaultTestContext@626c44e7 testClass = CamelRouteTest, testInstance = [null], testMethod = [null], testException = [null], mergedContextConfiguration = [WebMergedContextConfiguration@4dc8caa7 testClass = CamelRouteTest, locations = '{}', classes = '{class com.redhat.appfoundations.camel.MySpringBootApplication}', contextInitializerClasses = '[]', activeProfiles = '{production}', propertySourceLocations = '{}', propertySourceProperties = '{org.springframework.boot.test.context.SpringBootTestContextBootstrapper=true}', contextCustomizers = set[org.springframework.boot.test.context.filter.ExcludeFilterContextCustomizer@72cc7e6f, org.springframework.boot.test.json.DuplicateJsonObjectContextCustomizerFactory$DuplicateJsonObjectContextCustomizer@606e4010, org.springframework.boot.test.mock.mockito.MockitoContextCustomizer@0, org.springframework.boot.test.web.client.TestRestTemplateContextCustomizer@1caa0244, org.springframework.boot.test.autoconfigure.actuate.metrics.MetricsExportContextCustomizerFactory$DisableMetricExportContextCustomizer@31ea9581, org.springframework.boot.test.autoconfigure.properties.PropertyMappingContextCustomizer@0, org.springframework.boot.test.autoconfigure.web.servlet.WebDriverContextCustomizerFactory$Customizer@302c971f, org.springframework.boot.test.context.SpringBootTestArgs@1, org.springframework.boot.test.context.SpringBootTestWebEnvironment@7f416310], resourceBasePath = 'src/main/webapp', contextLoader = 'org.springframework.boot.test.context.SpringBootContextLoader', parent = [null]], attributes = map['org.springframework.test.context.web.ServletTestExecutionListener.activateListener' -> false]], class annotated with @DirtiesContext [false] with mode [null].
11:06:05.918 [main] INFO org.apache.camel.test.spring.junit5.CamelSpringBootExecutionListener - CamelSpringBootExecutionListener preparing: class com.redhat.appfoundations.camel.test.CamelRouteTest
11:06:05.921 [main] INFO org.apache.camel.test.spring.junit5.CamelAnnotationsHandler - Disabling Camel JMX globally for tests by default.  Use the DisableJMX annotation to override the default setting.

  .   ____          _            __ _ _
 /\\ / ___'_ __ _ _(_)_ __  __ _ \ \ \ \
( ( )\___ | '_ | '_| | '_ \/ _` | \ \ \ \
 \\/  ___)| |_)| | | | | || (_| |  ) ) ) )
  '  |____| .__|_| |_|_| |_\__, | / / / /
 =========|_|==============|___/=/_/_/_/
 :: Spring Boot ::                (v2.7.6)

2023-04-19 11:06:06.156  INFO 2435213 --- [           main] c.r.a.camel.test.CamelRouteTest          : Starting CamelRouteTest using Java 17.0.6 on mthirion.remote.csb with PID 2435213 (started by mthirion in /development/workspace/projects/fuse628/migration-jetty/csb-http-app)
2023-04-19 11:06:06.157  INFO 2435213 --- [           main] c.r.a.camel.test.CamelRouteTest          : The following 1 profile is active: "production"
2023-04-19 11:06:07.407  WARN 2435213 --- [           main] io.undertow.websockets.jsr               : UT026010: Buffer pool was not set on WebSocketDeploymentInfo, the default pool will be used
2023-04-19 11:06:07.421  INFO 2435213 --- [           main] io.undertow.servlet                      : Initializing Spring embedded WebApplicationContext
2023-04-19 11:06:07.421  INFO 2435213 --- [           main] w.s.c.ServletWebServerApplicationContext : Root WebApplicationContext: initialization completed in 1121 ms
2023-04-19 11:06:08.462  INFO 2435213 --- [           main] o.s.b.a.e.web.EndpointLinksResolver      : Exposing 3 endpoint(s) beneath base path '/actuator'
2023-04-19 11:06:08.695  INFO 2435213 --- [           main] o.a.c.c.s.CamelHttpTransportServlet      : Initialized CamelHttpTransportServlet[name=CamelServlet, contextPath=]
2023-04-19 11:06:08.699  INFO 2435213 --- [           main] io.undertow                              : starting server: Undertow - 2.2.20.Final
2023-04-19 11:06:08.706  INFO 2435213 --- [           main] org.xnio                                 : XNIO version 3.8.7.Final
2023-04-19 11:06:08.715  INFO 2435213 --- [           main] org.xnio.nio                             : XNIO NIO Implementation Version 3.8.7.Final
2023-04-19 11:06:08.764  INFO 2435213 --- [           main] org.jboss.threads                        : JBoss Threads version 3.1.0.Final
2023-04-19 11:06:08.802  INFO 2435213 --- [           main] o.s.b.w.e.undertow.UndertowWebServer     : Undertow started on port(s) 8082 (http)
2023-04-19 11:06:09.232  INFO 2435213 --- [           main] c.r.a.camel.test.CamelRouteTest          : Started CamelRouteTest in 3.291 seconds (JVM running for 3.966)
2023-04-19 11:06:09.235  INFO 2435213 --- [           main] o.a.c.t.s.j.CamelAnnotationsHandler      : Setting shutdown timeout to [10 SECONDS] on CamelContext with name [camelContext].
]]></system-out>
  </testcase>
</testsuite>